{"/Users/romain/Desktop/Formation_React_Avance/tests-units-jest/exercices-errors/convertToNumber.js": {"path":"/Users/romain/Desktop/Formation_React_Avance/tests-units-jest/exercices-errors/convertToNumber.js","statementMap":{"0":{"start":{"line":5,"column":0},"end":{"line":13,"column":1}},"1":{"start":{"line":6,"column":13},"end":{"line":6,"column":32}},"2":{"start":{"line":8,"column":2},"end":{"line":10,"column":3}},"3":{"start":{"line":9,"column":4},"end":{"line":9,"column":63}},"4":{"start":{"line":12,"column":2},"end":{"line":12,"column":12}}},"fnMap":{"0":{"name":"convertToNumber","decl":{"start":{"line":5,"column":26},"end":{"line":5,"column":41}},"loc":{"start":{"line":5,"column":49},"end":{"line":13,"column":1}},"line":5}},"branchMap":{"0":{"loc":{"start":{"line":8,"column":2},"end":{"line":10,"column":3}},"type":"if","locations":[{"start":{"line":8,"column":2},"end":{"line":10,"column":3}},{"start":{"line":8,"column":2},"end":{"line":10,"column":3}}],"line":8}},"s":{"0":1,"1":2,"2":2,"3":1,"4":1},"f":{"0":2},"b":{"0":[1,1]},"_coverageSchema":"1a1c01bbd47fc00a2c39e90264f33305004495a9","hash":"65f0c2ce8cd797a45d46a43958a6716b48ef8255"}
,"/Users/romain/Desktop/Formation_React_Avance/tests-units-jest/exercices-pure-functions/hello.js": {"path":"/Users/romain/Desktop/Formation_React_Avance/tests-units-jest/exercices-pure-functions/hello.js","statementMap":{"0":{"start":{"line":5,"column":0},"end":{"line":7,"column":1}},"1":{"start":{"line":6,"column":2},"end":{"line":6,"column":25}}},"fnMap":{"0":{"name":"hello","decl":{"start":{"line":5,"column":26},"end":{"line":5,"column":31}},"loc":{"start":{"line":5,"column":38},"end":{"line":7,"column":1}},"line":5}},"branchMap":{},"s":{"0":1,"1":1},"f":{"0":1},"b":{},"_coverageSchema":"1a1c01bbd47fc00a2c39e90264f33305004495a9","hash":"53d3e1f081c633851376bc3ee31b0e91e0910540"}
}
